[debug] [2025-05-09T18:01:42.605Z] ----------------------------------------------------------------------
[debug] [2025-05-09T18:01:42.609Z] Command:       C:\Program Files\nodejs\node.exe C:\Users\AMT\AppData\Roaming\npm\node_modules\firebase-tools\lib\bin\firebase.js init hosting
[debug] [2025-05-09T18:01:42.609Z] CLI Version:   14.3.0
[debug] [2025-05-09T18:01:42.609Z] Platform:      win32
[debug] [2025-05-09T18:01:42.609Z] Node Version:  v22.13.1
[debug] [2025-05-09T18:01:42.610Z] Time:          Fri May 09 2025 23:01:42 GMT+0500 (Pakistan Standard Time)
[debug] [2025-05-09T18:01:42.610Z] ----------------------------------------------------------------------
[debug] 
[debug] [2025-05-09T18:01:42.618Z] > command requires scopes: ["email","openid","https://www.googleapis.com/auth/cloudplatformprojects.readonly","https://www.googleapis.com/auth/firebase","https://www.googleapis.com/auth/cloud-platform"]
[debug] [2025-05-09T18:01:42.618Z] > authorizing via signed-in user (qazialihamzahashmi@gmail.com)
[info] 
     ######## #### ########  ######## ########     ###     ######  ########
     ##        ##  ##     ## ##       ##     ##  ##   ##  ##       ##
     ######    ##  ########  ######   ########  #########  ######  ######
     ##        ##  ##    ##  ##       ##     ## ##     ##       ## ##
     ##       #### ##     ## ######## ########  ##     ##  ######  ########

You're about to initialize a Firebase project in this directory:

  C:\Locateit Application

Before we get started, keep in mind:

  * You are currently outside your home directory

[info] 
=== Project Setup
[info] 
[info] First, let's associate this project directory with a Firebase project.
[info] You can create multiple project aliases by running firebase use --add, 
[info] but for now we'll just set up a default project.
[info] 
[info] i  If you want to create a project in a Google Cloud organization or folder, please use "firebase projects:create" instead, and return to this command when you've created the project. 
[debug] [2025-05-09T18:02:13.211Z] Checked if tokens are valid: true, expires at: 1746814788939
[debug] [2025-05-09T18:02:13.212Z] Checked if tokens are valid: true, expires at: 1746814788939
[debug] [2025-05-09T18:02:13.213Z] >>> [apiv2][query] POST https://cloudresourcemanager.googleapis.com/v1/projects [none]
[debug] [2025-05-09T18:02:13.213Z] >>> [apiv2][body] POST https://cloudresourcemanager.googleapis.com/v1/projects {"projectId":"Locateit Project","name":"Locateit Project"}
[debug] [2025-05-09T18:02:14.807Z] <<< [apiv2][status] POST https://cloudresourcemanager.googleapis.com/v1/projects 400
[debug] [2025-05-09T18:02:14.808Z] <<< [apiv2][body] POST https://cloudresourcemanager.googleapis.com/v1/projects {"error":{"code":400,"message":"field [project_id] has issue [project_id contains invalid characters]","status":"INVALID_ARGUMENT","details":[{"@type":"type.googleapis.com/google.rpc.BadRequest","fieldViolations":[{"field":"project_id","description":"project_id contains invalid characters"}]},{"@type":"type.googleapis.com/google.rpc.Help","links":[{"url":"https://cloud.google.com/resource-manager/reference/rest/v1/projects"}]}]}}
[debug] [2025-05-09T18:02:15.125Z] FirebaseError: Request to https://cloudresourcemanager.googleapis.com/v1/projects had HTTP Error: 400, field [project_id] has issue [project_id contains invalid characters]
    at responseToError (C:\Users\AMT\AppData\Roaming\npm\node_modules\firebase-tools\lib\responseToError.js:52:12)
    at RetryOperation._fn (C:\Users\AMT\AppData\Roaming\npm\node_modules\firebase-tools\lib\apiv2.js:312:77)
    at process.processTicksAndRejections (node:internal/process/task_queues:105:5)
[error] 
[error] Error: Failed to create project. See firebase-debug.log for more info.
